mode: count
github.com/hbl-ngocnd1/dictionary/helpers/html.go:13.65,14.14 1 0
github.com/hbl-ngocnd1/dictionary/helpers/html.go:17.2,18.53 2 0
github.com/hbl-ngocnd1/dictionary/helpers/html.go:23.2,23.15 1 0
github.com/hbl-ngocnd1/dictionary/helpers/html.go:14.14,16.3 1 0
github.com/hbl-ngocnd1/dictionary/helpers/html.go:18.53,19.20 1 0
github.com/hbl-ngocnd1/dictionary/helpers/html.go:19.20,21.4 1 0
github.com/hbl-ngocnd1/dictionary/helpers/html.go:26.60,27.30 1 0
github.com/hbl-ngocnd1/dictionary/helpers/html.go:32.2,32.18 1 0
github.com/hbl-ngocnd1/dictionary/helpers/html.go:27.30,28.22 1 0
github.com/hbl-ngocnd1/dictionary/helpers/html.go:28.22,30.4 1 0
github.com/hbl-ngocnd1/dictionary/helpers/html.go:35.38,41.16 4 2
github.com/hbl-ngocnd1/dictionary/helpers/html.go:44.2,44.21 1 2
github.com/hbl-ngocnd1/dictionary/helpers/html.go:41.16,43.3 1 0
github.com/hbl-ngocnd1/dictionary/helpers/html.go:48.44,49.32 1 0
github.com/hbl-ngocnd1/dictionary/helpers/html.go:55.2,55.14 1 0
github.com/hbl-ngocnd1/dictionary/helpers/html.go:49.32,51.20 2 0
github.com/hbl-ngocnd1/dictionary/helpers/html.go:51.20,53.4 1 0
github.com/hbl-ngocnd1/dictionary/helpers/html.go:58.50,59.32 1 0
github.com/hbl-ngocnd1/dictionary/helpers/html.go:65.2,65.14 1 0
github.com/hbl-ngocnd1/dictionary/helpers/html.go:59.32,61.39 2 0
github.com/hbl-ngocnd1/dictionary/helpers/html.go:61.39,63.4 1 0
github.com/hbl-ngocnd1/dictionary/helpers/html.go:68.93,69.15 1 0
github.com/hbl-ngocnd1/dictionary/helpers/html.go:72.2,72.53 1 0
github.com/hbl-ngocnd1/dictionary/helpers/html.go:78.2,78.12 1 0
github.com/hbl-ngocnd1/dictionary/helpers/html.go:69.15,71.3 1 0
github.com/hbl-ngocnd1/dictionary/helpers/html.go:72.53,74.17 2 0
github.com/hbl-ngocnd1/dictionary/helpers/html.go:74.17,76.4 1 0
github.com/hbl-ngocnd1/dictionary/helpers/html.go:82.57,84.2 1 0
github.com/hbl-ngocnd1/dictionary/helpers/html.go:86.63,88.2 1 0
github.com/hbl-ngocnd1/dictionary/helpers/html.go:90.49,94.27 4 2
github.com/hbl-ngocnd1/dictionary/helpers/html.go:97.2,97.18 1 0
github.com/hbl-ngocnd1/dictionary/helpers/html.go:94.27,96.3 1 2
github.com/hbl-ngocnd1/dictionary/usecase/dictionary.go:27.36,32.2 1 0
github.com/hbl-ngocnd1/dictionary/usecase/dictionary.go:40.145,41.106 1 9
github.com/hbl-ngocnd1/dictionary/usecase/dictionary.go:52.2,52.24 1 6
github.com/hbl-ngocnd1/dictionary/usecase/dictionary.go:57.2,60.16 4 5
github.com/hbl-ngocnd1/dictionary/usecase/dictionary.go:64.2,65.25 2 4
github.com/hbl-ngocnd1/dictionary/usecase/dictionary.go:70.2,72.24 3 4
github.com/hbl-ngocnd1/dictionary/usecase/dictionary.go:75.2,77.24 3 4
github.com/hbl-ngocnd1/dictionary/usecase/dictionary.go:80.2,81.22 2 4
github.com/hbl-ngocnd1/dictionary/usecase/dictionary.go:84.2,84.30 1 4
github.com/hbl-ngocnd1/dictionary/usecase/dictionary.go:41.106,43.38 2 3
github.com/hbl-ngocnd1/dictionary/usecase/dictionary.go:46.3,47.36 2 3
github.com/hbl-ngocnd1/dictionary/usecase/dictionary.go:50.3,50.44 1 3
github.com/hbl-ngocnd1/dictionary/usecase/dictionary.go:43.38,45.4 1 1
github.com/hbl-ngocnd1/dictionary/usecase/dictionary.go:47.36,49.4 1 2
github.com/hbl-ngocnd1/dictionary/usecase/dictionary.go:52.24,53.72 1 6
github.com/hbl-ngocnd1/dictionary/usecase/dictionary.go:53.72,55.4 1 1
github.com/hbl-ngocnd1/dictionary/usecase/dictionary.go:60.16,63.3 2 1
github.com/hbl-ngocnd1/dictionary/usecase/dictionary.go:65.25,66.39 1 16
github.com/hbl-ngocnd1/dictionary/usecase/dictionary.go:66.39,68.4 1 16
github.com/hbl-ngocnd1/dictionary/usecase/dictionary.go:72.24,74.3 1 4
github.com/hbl-ngocnd1/dictionary/usecase/dictionary.go:77.24,79.3 1 1
github.com/hbl-ngocnd1/dictionary/usecase/dictionary.go:81.22,83.3 1 2
github.com/hbl-ngocnd1/dictionary/usecase/dictionary.go:87.96,88.67 1 5
github.com/hbl-ngocnd1/dictionary/usecase/dictionary.go:91.2,92.40 2 3
github.com/hbl-ngocnd1/dictionary/usecase/dictionary.go:95.2,96.16 2 2
github.com/hbl-ngocnd1/dictionary/usecase/dictionary.go:99.2,100.19 2 1
github.com/hbl-ngocnd1/dictionary/usecase/dictionary.go:88.67,90.3 1 2
github.com/hbl-ngocnd1/dictionary/usecase/dictionary.go:92.40,94.3 1 1
github.com/hbl-ngocnd1/dictionary/usecase/dictionary.go:96.16,98.3 1 1
github.com/hbl-ngocnd1/dictionary/usecase/dictionary.go:103.110,104.60 1 0
github.com/hbl-ngocnd1/dictionary/usecase/dictionary.go:107.2,108.16 2 0
github.com/hbl-ngocnd1/dictionary/usecase/dictionary.go:111.2,111.24 1 0
github.com/hbl-ngocnd1/dictionary/usecase/dictionary.go:114.2,115.18 2 0
github.com/hbl-ngocnd1/dictionary/usecase/dictionary.go:104.60,106.3 1 0
github.com/hbl-ngocnd1/dictionary/usecase/dictionary.go:108.16,110.3 1 0
github.com/hbl-ngocnd1/dictionary/usecase/dictionary.go:111.24,113.3 1 0
github.com/hbl-ngocnd1/dictionary/controller/dictionary.go:18.36,22.2 1 0
github.com/hbl-ngocnd1/dictionary/controller/dictionary.go:24.50,26.2 1 0
github.com/hbl-ngocnd1/dictionary/controller/dictionary.go:28.53,30.2 1 6
github.com/hbl-ngocnd1/dictionary/controller/dictionary.go:32.58,34.16 2 6
github.com/hbl-ngocnd1/dictionary/controller/dictionary.go:37.2,38.15 2 5
github.com/hbl-ngocnd1/dictionary/controller/dictionary.go:43.2,45.13 3 4
github.com/hbl-ngocnd1/dictionary/controller/dictionary.go:52.2,52.17 1 2
github.com/hbl-ngocnd1/dictionary/controller/dictionary.go:55.2,55.39 1 1
github.com/hbl-ngocnd1/dictionary/controller/dictionary.go:34.16,36.3 1 1
github.com/hbl-ngocnd1/dictionary/controller/dictionary.go:39.36,39.36 0 4
github.com/hbl-ngocnd1/dictionary/controller/dictionary.go:40.10,41.44 1 1
github.com/hbl-ngocnd1/dictionary/controller/dictionary.go:46.11,46.11 0 2
github.com/hbl-ngocnd1/dictionary/controller/dictionary.go:47.26,48.44 1 1
github.com/hbl-ngocnd1/dictionary/controller/dictionary.go:49.10,50.63 1 1
github.com/hbl-ngocnd1/dictionary/controller/dictionary.go:52.17,54.3 1 1
github.com/hbl-ngocnd1/dictionary/controller/dictionary.go:58.63,60.2 1 0
github.com/hbl-ngocnd1/dictionary/controller/dictionary.go:62.66,65.13 3 0
github.com/hbl-ngocnd1/dictionary/controller/dictionary.go:72.2,72.17 1 0
github.com/hbl-ngocnd1/dictionary/controller/dictionary.go:76.2,76.36 1 0
github.com/hbl-ngocnd1/dictionary/controller/dictionary.go:66.11,66.11 0 0
github.com/hbl-ngocnd1/dictionary/controller/dictionary.go:67.26,68.44 1 0
github.com/hbl-ngocnd1/dictionary/controller/dictionary.go:69.10,70.63 1 0
github.com/hbl-ngocnd1/dictionary/controller/dictionary.go:72.17,75.3 1 0
github.com/hbl-ngocnd1/dictionary/controller/dictionary.go:79.86,83.16 4 6
github.com/hbl-ngocnd1/dictionary/controller/dictionary.go:86.2,87.16 2 6
github.com/hbl-ngocnd1/dictionary/controller/dictionary.go:90.2,90.17 1 6
github.com/hbl-ngocnd1/dictionary/controller/dictionary.go:93.2,93.15 1 6
github.com/hbl-ngocnd1/dictionary/controller/dictionary.go:98.2,101.13 4 5
github.com/hbl-ngocnd1/dictionary/controller/dictionary.go:110.2,110.36 1 1
github.com/hbl-ngocnd1/dictionary/controller/dictionary.go:83.16,85.3 1 6
github.com/hbl-ngocnd1/dictionary/controller/dictionary.go:87.16,89.3 1 6
github.com/hbl-ngocnd1/dictionary/controller/dictionary.go:90.17,92.3 1 5
github.com/hbl-ngocnd1/dictionary/controller/dictionary.go:94.36,94.36 0 5
github.com/hbl-ngocnd1/dictionary/controller/dictionary.go:95.10,96.44 1 1
github.com/hbl-ngocnd1/dictionary/controller/dictionary.go:102.11,102.11 0 1
github.com/hbl-ngocnd1/dictionary/controller/dictionary.go:103.26,104.44 1 1
github.com/hbl-ngocnd1/dictionary/controller/dictionary.go:105.35,106.43 1 1
github.com/hbl-ngocnd1/dictionary/controller/dictionary.go:107.10,108.63 1 2
github.com/hbl-ngocnd1/dictionary/controller/file.go:19.36,23.2 1 0
github.com/hbl-ngocnd1/dictionary/controller/file.go:24.57,26.2 1 0
github.com/hbl-ngocnd1/dictionary/controller/file.go:27.55,30.16 2 0
github.com/hbl-ngocnd1/dictionary/controller/file.go:33.2,34.42 2 0
github.com/hbl-ngocnd1/dictionary/controller/file.go:53.2,53.15 1 0
github.com/hbl-ngocnd1/dictionary/controller/file.go:58.2,58.23 1 0
github.com/hbl-ngocnd1/dictionary/controller/file.go:62.2,63.16 2 0
github.com/hbl-ngocnd1/dictionary/controller/file.go:66.2,67.38 2 0
github.com/hbl-ngocnd1/dictionary/controller/file.go:30.16,32.3 1 0
github.com/hbl-ngocnd1/dictionary/controller/file.go:34.42,36.17 2 0
github.com/hbl-ngocnd1/dictionary/controller/file.go:39.3,42.17 3 0
github.com/hbl-ngocnd1/dictionary/controller/file.go:45.3,48.45 2 0
github.com/hbl-ngocnd1/dictionary/controller/file.go:51.3,51.45 1 0
github.com/hbl-ngocnd1/dictionary/controller/file.go:36.17,38.4 1 0
github.com/hbl-ngocnd1/dictionary/controller/file.go:42.17,44.4 1 0
github.com/hbl-ngocnd1/dictionary/controller/file.go:48.45,50.4 1 0
github.com/hbl-ngocnd1/dictionary/controller/file.go:53.15,54.33 1 0
github.com/hbl-ngocnd1/dictionary/controller/file.go:54.33,56.4 1 0
github.com/hbl-ngocnd1/dictionary/controller/file.go:58.23,61.3 2 0
github.com/hbl-ngocnd1/dictionary/controller/file.go:63.16,65.3 1 0
github.com/hbl-ngocnd1/dictionary/controller/file.go:70.40,72.16 2 0
github.com/hbl-ngocnd1/dictionary/controller/file.go:76.2,76.24 1 0
github.com/hbl-ngocnd1/dictionary/controller/file.go:72.16,75.3 2 0
github.com/hbl-ngocnd1/dictionary/controller/visitor.go:17.56,21.2 1 0
github.com/hbl-ngocnd1/dictionary/controller/visitor.go:22.62,25.29 3 0
github.com/hbl-ngocnd1/dictionary/controller/visitor.go:32.2,32.12 1 0
github.com/hbl-ngocnd1/dictionary/controller/visitor.go:25.29,27.17 2 0
github.com/hbl-ngocnd1/dictionary/controller/visitor.go:30.3,30.56 1 0
github.com/hbl-ngocnd1/dictionary/controller/visitor.go:27.17,29.4 1 0
github.com/hbl-ngocnd1/dictionary/controller/visitor.go:34.60,37.16 3 0
github.com/hbl-ngocnd1/dictionary/controller/visitor.go:40.2,40.43 1 0
github.com/hbl-ngocnd1/dictionary/controller/visitor.go:37.16,39.3 1 0
github.com/hbl-ngocnd1/dictionary/services/dictionary.go:22.41,24.2 1 3
github.com/hbl-ngocnd1/dictionary/services/dictionary.go:32.119,36.16 4 1
github.com/hbl-ngocnd1/dictionary/services/dictionary.go:39.2,41.16 3 1
github.com/hbl-ngocnd1/dictionary/services/dictionary.go:44.2,46.16 3 1
github.com/hbl-ngocnd1/dictionary/services/dictionary.go:50.2,53.16 4 1
github.com/hbl-ngocnd1/dictionary/services/dictionary.go:56.2,57.16 2 1
github.com/hbl-ngocnd1/dictionary/services/dictionary.go:68.2,68.16 1 1
github.com/hbl-ngocnd1/dictionary/services/dictionary.go:72.2,73.23 2 1
github.com/hbl-ngocnd1/dictionary/services/dictionary.go:77.2,78.22 2 1
github.com/hbl-ngocnd1/dictionary/services/dictionary.go:81.2,84.33 4 1
github.com/hbl-ngocnd1/dictionary/services/dictionary.go:112.2,115.28 4 1
github.com/hbl-ngocnd1/dictionary/services/dictionary.go:120.2,120.31 1 1
github.com/hbl-ngocnd1/dictionary/services/dictionary.go:126.2,127.18 2 1
github.com/hbl-ngocnd1/dictionary/services/dictionary.go:36.16,38.3 1 0
github.com/hbl-ngocnd1/dictionary/services/dictionary.go:41.16,43.3 1 0
github.com/hbl-ngocnd1/dictionary/services/dictionary.go:46.16,48.3 1 0
github.com/hbl-ngocnd1/dictionary/services/dictionary.go:53.16,55.3 1 0
github.com/hbl-ngocnd1/dictionary/services/dictionary.go:57.16,59.17 2 0
github.com/hbl-ngocnd1/dictionary/services/dictionary.go:62.3,63.17 2 0
github.com/hbl-ngocnd1/dictionary/services/dictionary.go:66.3,66.57 1 0
github.com/hbl-ngocnd1/dictionary/services/dictionary.go:59.17,61.4 1 0
github.com/hbl-ngocnd1/dictionary/services/dictionary.go:63.17,65.4 1 0
github.com/hbl-ngocnd1/dictionary/services/dictionary.go:68.16,71.3 2 0
github.com/hbl-ngocnd1/dictionary/services/dictionary.go:73.23,76.3 2 0
github.com/hbl-ngocnd1/dictionary/services/dictionary.go:78.22,80.3 1 1
github.com/hbl-ngocnd1/dictionary/services/dictionary.go:84.33,86.45 2 42
github.com/hbl-ngocnd1/dictionary/services/dictionary.go:89.3,91.31 3 41
github.com/hbl-ngocnd1/dictionary/services/dictionary.go:86.45,87.9 1 1
github.com/hbl-ngocnd1/dictionary/services/dictionary.go:91.31,93.20 2 40
github.com/hbl-ngocnd1/dictionary/services/dictionary.go:96.4,99.10 4 39
github.com/hbl-ngocnd1/dictionary/services/dictionary.go:105.4,106.16 2 40
github.com/hbl-ngocnd1/dictionary/services/dictionary.go:109.4,109.10 1 41
github.com/hbl-ngocnd1/dictionary/services/dictionary.go:93.20,95.5 1 0
github.com/hbl-ngocnd1/dictionary/services/dictionary.go:99.10,101.25 2 0
github.com/hbl-ngocnd1/dictionary/services/dictionary.go:101.25,103.6 1 0
github.com/hbl-ngocnd1/dictionary/services/dictionary.go:106.16,108.5 1 0
github.com/hbl-ngocnd1/dictionary/services/dictionary.go:115.28,119.3 3 41
github.com/hbl-ngocnd1/dictionary/services/dictionary.go:120.31,121.26 1 41
github.com/hbl-ngocnd1/dictionary/services/dictionary.go:124.3,124.36 1 41
github.com/hbl-ngocnd1/dictionary/services/dictionary.go:121.26,122.12 1 0
github.com/hbl-ngocnd1/dictionary/services/dictionary.go:130.95,132.2 1 0
github.com/hbl-ngocnd1/dictionary/services/dictionary.go:134.95,140.16 6 1
github.com/hbl-ngocnd1/dictionary/services/dictionary.go:144.2,147.16 3 1
github.com/hbl-ngocnd1/dictionary/services/dictionary.go:151.2,152.16 2 1
github.com/hbl-ngocnd1/dictionary/services/dictionary.go:155.2,159.16 4 1
github.com/hbl-ngocnd1/dictionary/services/dictionary.go:162.2,164.16 3 1
github.com/hbl-ngocnd1/dictionary/services/dictionary.go:175.2,175.16 1 1
github.com/hbl-ngocnd1/dictionary/services/dictionary.go:186.2,186.36 1 1
github.com/hbl-ngocnd1/dictionary/services/dictionary.go:140.16,143.3 2 0
github.com/hbl-ngocnd1/dictionary/services/dictionary.go:147.16,150.3 2 0
github.com/hbl-ngocnd1/dictionary/services/dictionary.go:152.16,154.3 1 0
github.com/hbl-ngocnd1/dictionary/services/dictionary.go:159.16,161.3 1 0
github.com/hbl-ngocnd1/dictionary/services/dictionary.go:164.16,166.17 2 0
github.com/hbl-ngocnd1/dictionary/services/dictionary.go:169.3,170.17 2 0
github.com/hbl-ngocnd1/dictionary/services/dictionary.go:173.3,173.57 1 0
github.com/hbl-ngocnd1/dictionary/services/dictionary.go:166.17,168.4 1 0
github.com/hbl-ngocnd1/dictionary/services/dictionary.go:170.17,172.4 1 0
github.com/hbl-ngocnd1/dictionary/services/dictionary.go:175.16,179.34 4 1
github.com/hbl-ngocnd1/dictionary/services/dictionary.go:179.34,180.63 1 8
github.com/hbl-ngocnd1/dictionary/services/dictionary.go:183.4,183.49 1 7
github.com/hbl-ngocnd1/dictionary/services/dictionary.go:180.63,181.13 1 1
github.com/hbl-ngocnd1/dictionary/services/dictionary.go:189.128,193.16 4 1
github.com/hbl-ngocnd1/dictionary/services/dictionary.go:196.2,198.16 3 1
github.com/hbl-ngocnd1/dictionary/services/dictionary.go:201.2,203.16 3 1
github.com/hbl-ngocnd1/dictionary/services/dictionary.go:206.2,207.16 2 1
github.com/hbl-ngocnd1/dictionary/services/dictionary.go:210.2,214.34 5 1
github.com/hbl-ngocnd1/dictionary/services/dictionary.go:225.2,225.18 1 1
github.com/hbl-ngocnd1/dictionary/services/dictionary.go:193.16,195.3 1 0
github.com/hbl-ngocnd1/dictionary/services/dictionary.go:198.16,200.3 1 0
github.com/hbl-ngocnd1/dictionary/services/dictionary.go:203.16,205.3 1 0
github.com/hbl-ngocnd1/dictionary/services/dictionary.go:207.16,209.3 1 0
github.com/hbl-ngocnd1/dictionary/services/dictionary.go:214.34,218.29 4 5
github.com/hbl-ngocnd1/dictionary/services/dictionary.go:218.29,220.19 2 163
github.com/hbl-ngocnd1/dictionary/services/dictionary.go:220.19,222.5 1 163
github.com/hbl-ngocnd1/dictionary/services/translate.go:19.39,21.2 1 0
github.com/hbl-ngocnd1/dictionary/services/translate.go:27.93,29.2 1 0
github.com/hbl-ngocnd1/dictionary/services/translate.go:39.62,41.24 2 0
github.com/hbl-ngocnd1/dictionary/services/translate.go:45.2,45.13 1 0
github.com/hbl-ngocnd1/dictionary/services/translate.go:41.24,44.3 2 0
github.com/hbl-ngocnd1/dictionary/services/translate.go:48.77,50.23 2 0
github.com/hbl-ngocnd1/dictionary/services/translate.go:53.2,53.22 1 0
github.com/hbl-ngocnd1/dictionary/services/translate.go:58.2,58.13 1 0
github.com/hbl-ngocnd1/dictionary/services/translate.go:50.23,52.3 1 0
github.com/hbl-ngocnd1/dictionary/services/translate.go:53.22,54.46 1 0
github.com/hbl-ngocnd1/dictionary/services/translate.go:54.46,56.4 1 0
github.com/hbl-ngocnd1/dictionary/services/translate.go:61.68,63.24 2 0
github.com/hbl-ngocnd1/dictionary/services/translate.go:67.2,67.13 1 0
github.com/hbl-ngocnd1/dictionary/services/translate.go:63.24,66.3 2 0
github.com/hbl-ngocnd1/dictionary/services/translate.go:70.83,72.23 2 0
github.com/hbl-ngocnd1/dictionary/services/translate.go:75.2,75.22 1 0
github.com/hbl-ngocnd1/dictionary/services/translate.go:80.2,80.13 1 0
github.com/hbl-ngocnd1/dictionary/services/translate.go:72.23,74.3 1 0
github.com/hbl-ngocnd1/dictionary/services/translate.go:75.22,76.49 1 0
github.com/hbl-ngocnd1/dictionary/services/translate.go:76.49,78.4 1 0
github.com/hbl-ngocnd1/dictionary/services/translate.go:83.71,84.34 1 1
github.com/hbl-ngocnd1/dictionary/services/translate.go:87.2,90.25 4 1
github.com/hbl-ngocnd1/dictionary/services/translate.go:100.2,101.36 2 1
github.com/hbl-ngocnd1/dictionary/services/translate.go:106.2,114.30 6 1
github.com/hbl-ngocnd1/dictionary/services/translate.go:129.2,130.32 2 1
github.com/hbl-ngocnd1/dictionary/services/translate.go:134.2,134.32 1 1
github.com/hbl-ngocnd1/dictionary/services/translate.go:139.2,139.32 1 1
github.com/hbl-ngocnd1/dictionary/services/translate.go:146.2,147.36 2 1
github.com/hbl-ngocnd1/dictionary/services/translate.go:152.2,152.15 1 1
github.com/hbl-ngocnd1/dictionary/services/translate.go:84.34,86.3 1 1
github.com/hbl-ngocnd1/dictionary/services/translate.go:90.25,91.23 1 2
github.com/hbl-ngocnd1/dictionary/services/translate.go:94.3,94.23 1 2
github.com/hbl-ngocnd1/dictionary/services/translate.go:97.3,97.23 1 2
github.com/hbl-ngocnd1/dictionary/services/translate.go:91.23,93.4 1 0
github.com/hbl-ngocnd1/dictionary/services/translate.go:94.23,96.4 1 2
github.com/hbl-ngocnd1/dictionary/services/translate.go:101.36,102.30 1 5
github.com/hbl-ngocnd1/dictionary/services/translate.go:102.30,104.4 1 2
github.com/hbl-ngocnd1/dictionary/services/translate.go:114.30,116.21 2 1
github.com/hbl-ngocnd1/dictionary/services/translate.go:119.3,123.33 5 1
github.com/hbl-ngocnd1/dictionary/services/translate.go:127.3,127.8 1 1
github.com/hbl-ngocnd1/dictionary/services/translate.go:116.21,118.4 1 1
github.com/hbl-ngocnd1/dictionary/services/translate.go:123.33,126.4 2 1
github.com/hbl-ngocnd1/dictionary/services/translate.go:130.32,133.3 2 1
github.com/hbl-ngocnd1/dictionary/services/translate.go:134.32,135.31 1 1
github.com/hbl-ngocnd1/dictionary/services/translate.go:135.31,137.4 1 1
github.com/hbl-ngocnd1/dictionary/services/translate.go:139.32,140.30 1 5
github.com/hbl-ngocnd1/dictionary/services/translate.go:140.30,143.4 2 2
github.com/hbl-ngocnd1/dictionary/services/translate.go:147.36,148.30 1 5
github.com/hbl-ngocnd1/dictionary/services/translate.go:148.30,150.4 1 2
github.com/hbl-ngocnd1/dictionary/services/translate.go:155.66,163.16 8 2
github.com/hbl-ngocnd1/dictionary/services/translate.go:166.2,168.16 3 2
github.com/hbl-ngocnd1/dictionary/services/translate.go:172.2,172.20 1 0
github.com/hbl-ngocnd1/dictionary/services/translate.go:176.2,177.27 2 0
github.com/hbl-ngocnd1/dictionary/services/translate.go:180.2,180.15 1 0
github.com/hbl-ngocnd1/dictionary/services/translate.go:163.16,165.3 1 0
github.com/hbl-ngocnd1/dictionary/services/translate.go:168.16,171.3 2 2
github.com/hbl-ngocnd1/dictionary/services/translate.go:172.20,175.3 2 0
github.com/hbl-ngocnd1/dictionary/services/translate.go:177.27,179.3 1 0
github.com/hbl-ngocnd1/dictionary/services/visitor.go:23.49,27.2 1 0
github.com/hbl-ngocnd1/dictionary/services/visitor.go:28.86,30.16 2 0
github.com/hbl-ngocnd1/dictionary/services/visitor.go:33.2,33.12 1 0
github.com/hbl-ngocnd1/dictionary/services/visitor.go:30.16,32.3 1 0
github.com/hbl-ngocnd1/dictionary/services/visitor.go:35.86,38.16 3 0
github.com/hbl-ngocnd1/dictionary/services/visitor.go:41.2,41.21 1 0
github.com/hbl-ngocnd1/dictionary/services/visitor.go:38.16,40.3 1 0
